LSHSpeechDemo/build/intermediates/manifest_merge_blame_file/debug/manifest-merger-blame-debug-report.txt
1<?xml version="1.0" encoding="utf-8"?>
2<manifest xmlns:android="http://schemas.android.com/apk/res/android"
3    package="com.iflytek.voicedemo" >
4
5    <uses-sdk
6        android:minSdkVersion="21"
6-->src\main\AndroidManifest.xml
7        android:targetSdkVersion="28" />
7-->src\main\AndroidManifest.xml
8
9    <uses-permission android:name="android.permission.RECORD_AUDIO" />
9-->src\main\AndroidManifest.xml:22:5-71
9-->src\main\AndroidManifest.xml:22:22-68
10    <uses-permission android:name="android.permission.INTERNET" />
10-->src\main\AndroidManifest.xml:23:5-67
10-->src\main\AndroidManifest.xml:23:22-64
11    <uses-permission android:name="android.permission.ACCESS_NETWORK_STATE" />
11-->src\main\AndroidManifest.xml:24:5-79
11-->src\main\AndroidManifest.xml:24:22-76
12    <uses-permission android:name="android.permission.ACCESS_WIFI_STATE" />
12-->src\main\AndroidManifest.xml:25:5-76
12-->src\main\AndroidManifest.xml:25:22-73
13    <uses-permission android:name="android.permission.CHANGE_NETWORK_STATE" />
13-->src\main\AndroidManifest.xml:26:5-79
13-->src\main\AndroidManifest.xml:26:22-76
14    <uses-permission android:name="android.permission.READ_PHONE_STATE" />
14-->src\main\AndroidManifest.xml:27:5-75
14-->src\main\AndroidManifest.xml:27:22-72
15    <uses-permission android:name="android.permission.ACCESS_FINE_LOCATION" />
15-->src\main\AndroidManifest.xml:28:5-79
15-->src\main\AndroidManifest.xml:28:22-76
16    <uses-permission android:name="android.permission.READ_CONTACTS" />
16-->src\main\AndroidManifest.xml:29:5-72
16-->src\main\AndroidManifest.xml:29:22-69
17    <uses-permission android:name="android.permission.WRITE_EXTERNAL_STORAGE" />
17-->src\main\AndroidManifest.xml:30:5-81
17-->src\main\AndroidManifest.xml:30:22-78
18    <uses-permission android:name="android.permission.WRITE_SETTINGS" />
18-->src\main\AndroidManifest.xml:31:2-70
18-->src\main\AndroidManifest.xml:31:19-67
19    <uses-permission android:name="android.permission.READ_EXTERNAL_STORAGE" />
19-->src\main\AndroidManifest.xml:32:2-77
19-->src\main\AndroidManifest.xml:32:19-74
20    <uses-permission android:name="android.permission.ACCESS_FINE_LOCATION" />
20-->src\main\AndroidManifest.xml:28:5-79
20-->src\main\AndroidManifest.xml:28:22-76
21    <uses-permission android:name="android.permission.ACCESS_COARSE_LOCATION" />
21-->src\main\AndroidManifest.xml:34:5-81
21-->src\main\AndroidManifest.xml:34:22-78
22
23    <application
23-->src\main\AndroidManifest.xml:6:5-20:19
24        android:allowBackup="true"
24-->src\main\AndroidManifest.xml:7:9-35
25        android:supportsRtl="true" >
25-->src\main\AndroidManifest.xml:9:9-35
26
27        <!-- 移动统计分析 -->
28        <meta-data
28-->src\main\AndroidManifest.xml:12:9-14:42
29            android:name="IFLYTEK_APPKEY"
29-->src\main\AndroidManifest.xml:13:13-42
30            android:value="&apos;5cee406c&apos;" />
30-->src\main\AndroidManifest.xml:14:13-29
31        <meta-data
31-->src\main\AndroidManifest.xml:15:9-17:44
32            android:name="IFLYTEK_CHANNEL"
32-->src\main\AndroidManifest.xml:16:13-43
33            android:value="Android_Demo" />
33-->src\main\AndroidManifest.xml:17:13-41
34    </application>
35
36</manifest>